{
  "stats": {
    "suites": 5,
    "tests": 5,
    "passes": 4,
    "pending": 0,
    "failures": 1,
    "start": "2025-02-16T04:43:46.152Z",
    "end": "2025-02-16T04:43:58.144Z",
    "duration": 11992,
    "testsRegistered": 5,
    "passPercent": 80,
    "pendingPercent": 0,
    "other": 0,
    "hasOther": false,
    "skipped": 0,
    "hasSkipped": false
  },
  "results": [
    {
      "uuid": "01a69dbe-f42f-43aa-a178-fa07106c573b",
      "title": "",
      "fullFile": "cypress/e2e/test.cy.js",
      "file": "cypress/e2e/test.cy.js",
      "beforeHooks": [],
      "afterHooks": [],
      "tests": [],
      "suites": [
        {
          "uuid": "23e1afc0-61a6-4c68-8050-979a15ef15ea",
          "title": "My 1st Test",
          "fullFile": "",
          "file": "",
          "beforeHooks": [],
          "afterHooks": [],
          "tests": [
            {
              "title": "finds the content \"type\"",
              "fullTitle": "My 1st Test finds the content \"type\"",
              "timedOut": null,
              "duration": 933,
              "state": "passed",
              "speed": "fast",
              "pass": true,
              "fail": false,
              "pending": false,
              "context": null,
              "code": "cy.visit(\"https://example.cypress.io\");\ncy.contains(\"get\").click();\ncy.url().should(\"include\", \"/querying\");\ncy.get(\"#query-btn\").should(\"contain\", \"Button\");\ncy.get(\"#query-btn\").should(\"have.text\", \"\\n                Button\\n              \");\ncy.get(\"#query-btn\").invoke(\"text\").then(text => {\n  expect(text.trim()).to.eq(\"Button\");\n});\n//     //   cy.get(\"#query-btn\").should(\"be.visible\");",
              "err": {},
              "uuid": "0d3c2e03-3e7d-4915-927a-ae9e9eaeb3df",
              "parentUUID": "23e1afc0-61a6-4c68-8050-979a15ef15ea",
              "isHook": false,
              "skipped": false
            }
          ],
          "suites": [],
          "passes": [
            "0d3c2e03-3e7d-4915-927a-ae9e9eaeb3df"
          ],
          "failures": [],
          "pending": [],
          "skipped": [],
          "duration": 933,
          "root": false,
          "rootEmpty": false,
          "_timeout": 2000
        },
        {
          "uuid": "763fa542-c3d8-4532-bf07-111115560277",
          "title": "My 2nd Test",
          "fullFile": "",
          "file": "",
          "beforeHooks": [],
          "afterHooks": [],
          "tests": [
            {
              "title": "Gets, types and asserts",
              "fullTitle": "My 2nd Test Gets, types and asserts",
              "timedOut": null,
              "duration": 812,
              "state": "passed",
              "speed": "fast",
              "pass": true,
              "fail": false,
              "pending": false,
              "context": null,
              "code": "cy.visit(\"https://example.cypress.io\");\ncy.contains(\"type\").click();\n// Should be on a new URL which\n// includes '/commands/actions'\ncy.url().should(\"include\", \"/commands/actions\");\n// Get an input, type into it\ncy.get(\".action-email\").type(\"fake@email.com\");\n//  Verify that the value has been updated\ncy.get(\".action-email\").should(\"have.value\", \"fake@email.com\");",
              "err": {},
              "uuid": "1a845cba-9a16-431e-aad7-0112ce389170",
              "parentUUID": "763fa542-c3d8-4532-bf07-111115560277",
              "isHook": false,
              "skipped": false
            }
          ],
          "suites": [],
          "passes": [
            "1a845cba-9a16-431e-aad7-0112ce389170"
          ],
          "failures": [],
          "pending": [],
          "skipped": [],
          "duration": 812,
          "root": false,
          "rootEmpty": false,
          "_timeout": 2000
        },
        {
          "uuid": "e5cd783e-416e-481a-b930-0e8be7deca2a",
          "title": "3rd test ",
          "fullFile": "",
          "file": "",
          "beforeHooks": [],
          "afterHooks": [],
          "tests": [
            {
              "title": "double click",
              "fullTitle": "3rd test  double click",
              "timedOut": null,
              "duration": 122,
              "state": "passed",
              "speed": "fast",
              "pass": true,
              "fail": false,
              "pending": false,
              "context": null,
              "code": "cy.visit(\"https://example.cypress.io\");\n// cy.contains(\"type\").click();\n// cy.scrollTo(0,1000);\n// cy.wait(1000);\n// cy.get('.action-div').scrollIntoView().dblclick();\n// cy.get('.action-div').should('not.be.visible')\n// cy.get('.action-input-hidden').should('be.visible')\n// //checkbox\n// cy.wait(1000);\n// cy.get('.action-checkboxes [value=\"checkbox1\"]').not('[disabled]').check();\n// cy.get('.action-checkboxes [value=\"checkbox1\"]').should('be.checked');\n// cy.wait(1000);\n// cy.get('.action-checkboxes [value=\"checkbox2\"]').check('checkbox2',{force:true});// specific check for use value .\n// cy.get('.action-checkboxes [value=\"checkbox1\"]').uncheck();\n// cy.wait(1000);\n// cy.get(\".action-multiple-checkboxes [type='checkbox']\").check();  // specific check for use value .\n// // radio \n// cy.get(\"#optionsRadios1\").check().should('be.checked');\n// cy.get('.action-radios [type=\"radio\"]').check('radio3',{force:true});\n// cy.get('.action-select').should('have.value', '--Select a fruit--');\n// cy.get('.action-select').select('bananas');\n// it(\"Dropdown Selector Test\", () => {\n//   cy.get(\".action-select\").should(\"have.value\", \"--Select a fruit--\");\n//   cy.get(\".action-select\").select(\"bananas\");\n//   cy.get(\".action-select\").should(\"have.value\", \"bananas\"); // Verify selection\n// });\n// cy.wait(1000);\n// cy.get('#scroll-horizontal').scrollIntoView();\n// cy.get('#scroll-horizontal button').should('not.be.visible');\n// cy.get('.trigger-input-range').invoke('val', 25);",
              "err": {},
              "uuid": "c2d6bf44-0e96-4e03-b891-72c61589c1a2",
              "parentUUID": "e5cd783e-416e-481a-b930-0e8be7deca2a",
              "isHook": false,
              "skipped": false
            }
          ],
          "suites": [],
          "passes": [
            "c2d6bf44-0e96-4e03-b891-72c61589c1a2"
          ],
          "failures": [],
          "pending": [],
          "skipped": [],
          "duration": 122,
          "root": false,
          "rootEmpty": false,
          "_timeout": 2000
        },
        {
          "uuid": "0cd75441-31fd-4636-8d54-d0cfa00ad5bc",
          "title": "4th test",
          "fullFile": "",
          "file": "",
          "beforeHooks": [],
          "afterHooks": [],
          "tests": [
            {
              "title": "should select 3rd one",
              "fullTitle": "4th test should select 3rd one",
              "timedOut": null,
              "duration": 3805,
              "state": "passed",
              "speed": "fast",
              "pass": true,
              "fail": false,
              "pending": false,
              "context": null,
              "code": "cy.get(\".dropdown-toggle\").should('be.visible').click();\ncy.wait(1000);\ncy.get('ul.dropdown-menu').contains(\"Querying\").should('be.visible').click();\ncy.get('[data-test-id=\"test-example\"]').should('have.class', 'example');\ncy.get(\".dropdown-toggle\").should('be.visible').click();\ncy.wait(1000);\ncy.get('ul.dropdown-menu').contains(\"Traversal\").should('be.visible').click();\ncy.wait(1000);\ncy.get(\".dropdown-menu\").children('.active').should('contain', 'Traversal');\ncy.get(\".dropdown-menu\").find('.active').should('contain', 'Traversal');",
              "err": {},
              "uuid": "b4ca3ad1-e8f5-456b-a10f-ff4c987878ad",
              "parentUUID": "0cd75441-31fd-4636-8d54-d0cfa00ad5bc",
              "isHook": false,
              "skipped": false
            }
          ],
          "suites": [],
          "passes": [
            "b4ca3ad1-e8f5-456b-a10f-ff4c987878ad"
          ],
          "failures": [],
          "pending": [],
          "skipped": [],
          "duration": 3805,
          "root": false,
          "rootEmpty": false,
          "_timeout": 2000
        },
        {
          "uuid": "86ed26b3-6dc9-4330-b88c-699ba9a11fc4",
          "title": "5 th Test ",
          "fullFile": "",
          "file": "",
          "beforeHooks": [],
          "afterHooks": [],
          "tests": [
            {
              "title": "closest",
              "fullTitle": "5 th Test  closest",
              "timedOut": null,
              "duration": 5470,
              "state": "failed",
              "speed": null,
              "pass": false,
              "fail": true,
              "pending": false,
              "context": null,
              "code": "cy.get(\".dropdown-toggle\").should('be.visible').click();\ncy.wait(1000);\ncy.get('ul.dropdown-menu').contains(\"Traversal\").should('be.visible').click();\ncy.get(\".list-group\").closest('ul').should('have.class', 'list-group');\ncy.get('#eq').scrollIntoView();\ncy.get('.traversal-list>li').eq(3).should('contain', 'sphynx');\ncy.get('.traversal-list>li').first().should('contain', 'tabby');\ncy.get(\".traversal-list>li\").last().should(\"contain\", \"burmese\");\ncy.get('.traversal-nav>li').filter('.active').should('contain', 'About');\ncy.get(\".traversal-pagination\").find(\"li\").find(\"a\").should(\"have.length\", 6);",
              "err": {
                "message": "AssertionError: Timed out retrying after 4000ms: Too many elements found. Found '7', expected '6'.",
                "estack": "AssertionError: Timed out retrying after 4000ms: Too many elements found. Found '7', expected '6'.\n    at Context.eval (webpack://eee/./cypress/e2e/test.cy.js:150:57)",
                "diff": "- 7\n+ 6\n"
              },
              "uuid": "47c0261f-5643-4135-a163-0402ed7fa005",
              "parentUUID": "86ed26b3-6dc9-4330-b88c-699ba9a11fc4",
              "isHook": false,
              "skipped": false
            }
          ],
          "suites": [],
          "passes": [],
          "failures": [
            "47c0261f-5643-4135-a163-0402ed7fa005"
          ],
          "pending": [],
          "skipped": [],
          "duration": 5470,
          "root": false,
          "rootEmpty": false,
          "_timeout": 2000
        }
      ],
      "passes": [],
      "failures": [],
      "pending": [],
      "skipped": [],
      "duration": 0,
      "root": true,
      "rootEmpty": true,
      "_timeout": 2000
    }
  ],
  "meta": {
    "mocha": {
      "version": "7.0.1"
    },
    "mochawesome": {
      "options": {
        "quiet": false,
        "reportFilename": "mochawesome",
        "saveHtml": true,
        "saveJson": true,
        "consoleReporter": "spec",
        "useInlineDiffs": false,
        "code": true
      },
      "version": "7.1.3"
    },
    "marge": {
      "options": {
        "id": "default",
        "reportDir": "cypress/reports/mochawesome",
        "overwrite": false,
        "html": true,
        "json": true
      },
      "version": "6.2.0"
    }
  }
}