{
  "stats": {
    "suites": 3,
    "tests": 3,
    "passes": 3,
    "pending": 0,
    "failures": 0,
    "start": "2025-02-10T05:38:13.914Z",
    "end": "2025-02-10T05:38:22.366Z",
    "duration": 8452,
    "testsRegistered": 3,
    "passPercent": 100,
    "pendingPercent": 0,
    "other": 0,
    "hasOther": false,
    "skipped": 0,
    "hasSkipped": false
  },
  "results": [
    {
      "uuid": "5fe07a34-3029-4a27-984a-5087fdff424a",
      "title": "",
      "fullFile": "cypress/e2e/test.cy.js",
      "file": "cypress/e2e/test.cy.js",
      "beforeHooks": [],
      "afterHooks": [],
      "tests": [],
      "suites": [
        {
          "uuid": "78ff32e2-d03c-4d47-bf95-6063b8975e78",
          "title": "My 1st Test",
          "fullFile": "",
          "file": "",
          "beforeHooks": [],
          "afterHooks": [],
          "tests": [
            {
              "title": "finds the content \"type\"",
              "fullTitle": "My 1st Test finds the content \"type\"",
              "timedOut": null,
              "duration": 1366,
              "state": "passed",
              "speed": "fast",
              "pass": true,
              "fail": false,
              "pending": false,
              "context": null,
              "code": "cy.visit(\"https://example.cypress.io\");\ncy.contains(\"get\").click();\ncy.url().should(\"include\", \"/querying\");\ncy.get(\"#query-btn\").should(\"contain\", \"Button\");\ncy.get(\"#query-btn\").should(\"have.text\", \"\\n                Button\\n              \");\ncy.get(\"#query-btn\").invoke(\"text\").then(text => {\n  expect(text.trim()).to.eq(\"Button\");\n});\n//     //   cy.get(\"#query-btn\").should(\"be.visible\");",
              "err": {},
              "uuid": "8a6d3e31-57e0-4cef-ac7e-2b0112d67e80",
              "parentUUID": "78ff32e2-d03c-4d47-bf95-6063b8975e78",
              "isHook": false,
              "skipped": false
            }
          ],
          "suites": [],
          "passes": [
            "8a6d3e31-57e0-4cef-ac7e-2b0112d67e80"
          ],
          "failures": [],
          "pending": [],
          "skipped": [],
          "duration": 1366,
          "root": false,
          "rootEmpty": false,
          "_timeout": 2000
        },
        {
          "uuid": "c93d4f42-d5ba-4167-aab6-5e3d4821e81a",
          "title": "My 2nd Test",
          "fullFile": "",
          "file": "",
          "beforeHooks": [],
          "afterHooks": [],
          "tests": [
            {
              "title": "Gets, types and asserts",
              "fullTitle": "My 2nd Test Gets, types and asserts",
              "timedOut": null,
              "duration": 819,
              "state": "passed",
              "speed": "fast",
              "pass": true,
              "fail": false,
              "pending": false,
              "context": null,
              "code": "cy.visit(\"https://example.cypress.io\");\ncy.contains(\"type\").click();\n// Should be on a new URL which\n// includes '/commands/actions'\ncy.url().should(\"include\", \"/commands/actions\");\n// Get an input, type into it\ncy.get(\".action-email\").type(\"fake@email.com\");\n//  Verify that the value has been updated\ncy.get(\".action-email\").should(\"have.value\", \"fake@email.com\");",
              "err": {},
              "uuid": "bbf2396a-8c8d-4c83-868d-a8a799b8bd47",
              "parentUUID": "c93d4f42-d5ba-4167-aab6-5e3d4821e81a",
              "isHook": false,
              "skipped": false
            }
          ],
          "suites": [],
          "passes": [
            "bbf2396a-8c8d-4c83-868d-a8a799b8bd47"
          ],
          "failures": [],
          "pending": [],
          "skipped": [],
          "duration": 819,
          "root": false,
          "rootEmpty": false,
          "_timeout": 2000
        },
        {
          "uuid": "9bcbec5f-cf6c-4109-bd53-ba7430d2755a",
          "title": "3rd test ",
          "fullFile": "",
          "file": "",
          "beforeHooks": [],
          "afterHooks": [],
          "tests": [
            {
              "title": "double click",
              "fullTitle": "3rd test  double click",
              "timedOut": null,
              "duration": 5173,
              "state": "passed",
              "speed": "medium",
              "pass": true,
              "fail": false,
              "pending": false,
              "context": null,
              "code": "cy.visit(\"https://example.cypress.io\");\ncy.contains(\"type\").click();\ncy.scrollTo(0, 1000);\ncy.wait(1000);\ncy.get('.action-div').scrollIntoView().dblclick();\ncy.get('.action-div').should('not.be.visible');\ncy.get('.action-input-hidden').should('be.visible');\n//checkbox\ncy.wait(1000);\ncy.get('.action-checkboxes [value=\"checkbox1\"]').not('[disabled]').check();\ncy.get('.action-checkboxes [value=\"checkbox1\"]').should('be.checked');\ncy.wait(1000);\ncy.get('.action-checkboxes [value=\"checkbox2\"]').check('checkbox2', {\n  force: true\n}); // specific check for use value .\ncy.get('.action-checkboxes [value=\"checkbox1\"]').uncheck();\ncy.wait(1000);\ncy.get(\".action-multiple-checkboxes [type='checkbox']\").check(); // specific check for use value .\n// radio \ncy.get(\"#optionsRadios1\").check().should('be.checked');\ncy.get('.action-radios [type=\"radio\"]').check('radio3', {\n  force: true\n});\ncy.get('.action-select').should('have.value', '--Select a fruit--');\ncy.get('.action-select').select('bananas');",
              "err": {},
              "uuid": "486528ca-e86c-48dc-afc4-9c1057836f94",
              "parentUUID": "9bcbec5f-cf6c-4109-bd53-ba7430d2755a",
              "isHook": false,
              "skipped": false
            }
          ],
          "suites": [],
          "passes": [
            "486528ca-e86c-48dc-afc4-9c1057836f94"
          ],
          "failures": [],
          "pending": [],
          "skipped": [],
          "duration": 5173,
          "root": false,
          "rootEmpty": false,
          "_timeout": 2000
        }
      ],
      "passes": [],
      "failures": [],
      "pending": [],
      "skipped": [],
      "duration": 0,
      "root": true,
      "rootEmpty": true,
      "_timeout": 2000
    }
  ],
  "meta": {
    "mocha": {
      "version": "7.0.1"
    },
    "mochawesome": {
      "options": {
        "quiet": false,
        "reportFilename": "mochawesome",
        "saveHtml": true,
        "saveJson": true,
        "consoleReporter": "spec",
        "useInlineDiffs": false,
        "code": true
      },
      "version": "7.1.3"
    },
    "marge": {
      "options": {
        "id": "default",
        "reportDir": "cypress/reports/mochawesome",
        "overwrite": false,
        "html": true,
        "json": true
      },
      "version": "6.2.0"
    }
  }
}