{
  "stats": {
    "suites": 3,
    "tests": 3,
    "passes": 3,
    "pending": 0,
    "failures": 0,
    "start": "2025-02-10T05:35:02.488Z",
    "end": "2025-02-10T05:35:11.435Z",
    "duration": 8947,
    "testsRegistered": 3,
    "passPercent": 100,
    "pendingPercent": 0,
    "other": 0,
    "hasOther": false,
    "skipped": 0,
    "hasSkipped": false
  },
  "results": [
    {
      "uuid": "4b60d751-eacf-4dae-99e3-e1bb91c43cbb",
      "title": "",
      "fullFile": "cypress/e2e/test.cy.js",
      "file": "cypress/e2e/test.cy.js",
      "beforeHooks": [],
      "afterHooks": [],
      "tests": [],
      "suites": [
        {
          "uuid": "b9118ff0-5995-4b0e-a2ca-372d57be0f43",
          "title": "My 1st Test",
          "fullFile": "",
          "file": "",
          "beforeHooks": [],
          "afterHooks": [],
          "tests": [
            {
              "title": "finds the content \"type\"",
              "fullTitle": "My 1st Test finds the content \"type\"",
              "timedOut": null,
              "duration": 1782,
              "state": "passed",
              "speed": "fast",
              "pass": true,
              "fail": false,
              "pending": false,
              "context": null,
              "code": "cy.visit(\"https://example.cypress.io\");\ncy.contains(\"get\").click();\ncy.url().should(\"include\", \"/querying\");\ncy.get(\"#query-btn\").should(\"contain\", \"Button\");\ncy.get(\"#query-btn\").should(\"have.text\", \"\\n                Button\\n              \");\ncy.get(\"#query-btn\").invoke(\"text\").then(text => {\n  expect(text.trim()).to.eq(\"Button\");\n});\n//     //   cy.get(\"#query-btn\").should(\"be.visible\");",
              "err": {},
              "uuid": "ba13a41e-21d7-4c75-b500-0b731a948d9c",
              "parentUUID": "b9118ff0-5995-4b0e-a2ca-372d57be0f43",
              "isHook": false,
              "skipped": false
            }
          ],
          "suites": [],
          "passes": [
            "ba13a41e-21d7-4c75-b500-0b731a948d9c"
          ],
          "failures": [],
          "pending": [],
          "skipped": [],
          "duration": 1782,
          "root": false,
          "rootEmpty": false,
          "_timeout": 2000
        },
        {
          "uuid": "493917f5-fc1c-497d-8be8-5c9590e8e7f6",
          "title": "My 2nd Test",
          "fullFile": "",
          "file": "",
          "beforeHooks": [],
          "afterHooks": [],
          "tests": [
            {
              "title": "Gets, types and asserts",
              "fullTitle": "My 2nd Test Gets, types and asserts",
              "timedOut": null,
              "duration": 978,
              "state": "passed",
              "speed": "fast",
              "pass": true,
              "fail": false,
              "pending": false,
              "context": null,
              "code": "cy.visit(\"https://example.cypress.io\");\ncy.contains(\"type\").click();\n// Should be on a new URL which\n// includes '/commands/actions'\ncy.url().should(\"include\", \"/commands/actions\");\n// Get an input, type into it\ncy.get(\".action-email\").type(\"fake@email.com\");\n//  Verify that the value has been updated\ncy.get(\".action-email\").should(\"have.value\", \"fake@email.com\");",
              "err": {},
              "uuid": "0fcc0d93-a373-49df-9a6e-80a9890624c1",
              "parentUUID": "493917f5-fc1c-497d-8be8-5c9590e8e7f6",
              "isHook": false,
              "skipped": false
            }
          ],
          "suites": [],
          "passes": [
            "0fcc0d93-a373-49df-9a6e-80a9890624c1"
          ],
          "failures": [],
          "pending": [],
          "skipped": [],
          "duration": 978,
          "root": false,
          "rootEmpty": false,
          "_timeout": 2000
        },
        {
          "uuid": "56bada46-71f3-47d7-9b32-37dc00a8aede",
          "title": "3rd test ",
          "fullFile": "",
          "file": "",
          "beforeHooks": [],
          "afterHooks": [],
          "tests": [
            {
              "title": "double click",
              "fullTitle": "3rd test  double click",
              "timedOut": null,
              "duration": 5027,
              "state": "passed",
              "speed": "medium",
              "pass": true,
              "fail": false,
              "pending": false,
              "context": null,
              "code": "cy.visit(\"https://example.cypress.io\");\ncy.contains(\"type\").click();\ncy.scrollTo(0, 1000);\ncy.wait(1000);\ncy.get('.action-div').scrollIntoView().dblclick();\ncy.get('.action-div').should('not.be.visible');\ncy.get('.action-input-hidden').should('be.visible');\n//checkbox\ncy.wait(1000);\ncy.get('.action-checkboxes [value=\"checkbox1\"]').not('[disabled]').check();\ncy.get('.action-checkboxes [value=\"checkbox1\"]').should('be.checked');\ncy.wait(1000);\ncy.get('.action-checkboxes [value=\"checkbox2\"]').check('checkbox2', {\n  force: true\n}); // specific check for use value .\ncy.get('.action-checkboxes [value=\"checkbox1\"]').uncheck();\ncy.wait(1000);\ncy.get(\".action-multiple-checkboxes [type='checkbox']\").check(); // specific check for use value .\n// radio \ncy.get(\"#optionsRadios1\").check().should('be.checked');\ncy.get('.action-radios [type=\"radio\"]').check('radio3', {\n  force: true\n});\ncy.get('.action-select').should('have.value', '--Select a fruit--');\ncy.get('.action-select').select('bananas');",
              "err": {},
              "uuid": "7d19757c-6578-4ddd-bd7e-f54ebc21c854",
              "parentUUID": "56bada46-71f3-47d7-9b32-37dc00a8aede",
              "isHook": false,
              "skipped": false
            }
          ],
          "suites": [],
          "passes": [
            "7d19757c-6578-4ddd-bd7e-f54ebc21c854"
          ],
          "failures": [],
          "pending": [],
          "skipped": [],
          "duration": 5027,
          "root": false,
          "rootEmpty": false,
          "_timeout": 2000
        }
      ],
      "passes": [],
      "failures": [],
      "pending": [],
      "skipped": [],
      "duration": 0,
      "root": true,
      "rootEmpty": true,
      "_timeout": 2000
    }
  ],
  "meta": {
    "mocha": {
      "version": "7.0.1"
    },
    "mochawesome": {
      "options": {
        "quiet": false,
        "reportFilename": "mochawesome",
        "saveHtml": true,
        "saveJson": true,
        "consoleReporter": "spec",
        "useInlineDiffs": false,
        "code": true
      },
      "version": "7.1.3"
    },
    "marge": {
      "options": {
        "id": "default",
        "reportDir": "cypress/reports/mochawesome",
        "overwrite": false,
        "html": true,
        "json": true
      },
      "version": "6.2.0"
    }
  }
}