{
  "stats": {
    "suites": 3,
    "tests": 3,
    "passes": 2,
    "pending": 0,
    "failures": 1,
    "start": "2025-02-09T07:27:41.171Z",
    "end": "2025-02-09T07:27:53.623Z",
    "duration": 12452,
    "testsRegistered": 3,
    "passPercent": 66.66666666666666,
    "pendingPercent": 0,
    "other": 0,
    "hasOther": false,
    "skipped": 0,
    "hasSkipped": false
  },
  "results": [
    {
      "uuid": "26b84d4d-f832-4490-9ecd-e8eb5625dcb1",
      "title": "",
      "fullFile": "cypress/e2e/test.cy.js",
      "file": "cypress/e2e/test.cy.js",
      "beforeHooks": [],
      "afterHooks": [],
      "tests": [],
      "suites": [
        {
          "uuid": "2a8e8a50-512e-4c4c-91bb-d956711572f6",
          "title": "My 1st Test",
          "fullFile": "",
          "file": "",
          "beforeHooks": [],
          "afterHooks": [],
          "tests": [
            {
              "title": "finds the content \"type\"",
              "fullTitle": "My 1st Test finds the content \"type\"",
              "timedOut": null,
              "duration": 1498,
              "state": "passed",
              "speed": "fast",
              "pass": true,
              "fail": false,
              "pending": false,
              "context": null,
              "code": "cy.visit(\"https://example.cypress.io\");\ncy.contains(\"get\").click();\ncy.url().should(\"include\", \"/querying\");\ncy.get(\"#query-btn\").should(\"contain\", \"Button\");\ncy.get(\"#query-btn\").should(\"have.text\", \"\\n                Button\\n              \");\ncy.get(\"#query-btn\").invoke(\"text\").then(text => {\n  expect(text.trim()).to.eq(\"Button\");\n});\n//     //   cy.get(\"#query-btn\").should(\"be.visible\");",
              "err": {},
              "uuid": "8a0e8db8-2f6a-44f0-b18d-605c6d18a24f",
              "parentUUID": "2a8e8a50-512e-4c4c-91bb-d956711572f6",
              "isHook": false,
              "skipped": false
            }
          ],
          "suites": [],
          "passes": [
            "8a0e8db8-2f6a-44f0-b18d-605c6d18a24f"
          ],
          "failures": [],
          "pending": [],
          "skipped": [],
          "duration": 1498,
          "root": false,
          "rootEmpty": false,
          "_timeout": 2000
        },
        {
          "uuid": "3b34255e-35c1-4e84-a75f-d8661b405fb8",
          "title": "My 2nd Test",
          "fullFile": "",
          "file": "",
          "beforeHooks": [],
          "afterHooks": [],
          "tests": [
            {
              "title": "Gets, types and asserts",
              "fullTitle": "My 2nd Test Gets, types and asserts",
              "timedOut": null,
              "duration": 822,
              "state": "passed",
              "speed": "fast",
              "pass": true,
              "fail": false,
              "pending": false,
              "context": null,
              "code": "cy.visit(\"https://example.cypress.io\");\ncy.contains(\"type\").click();\n// Should be on a new URL which\n// includes '/commands/actions'\ncy.url().should(\"include\", \"/commands/actions\");\n// Get an input, type into it\ncy.get(\".action-email\").type(\"fake@email.com\");\n//  Verify that the value has been updated\ncy.get(\".action-email\").should(\"have.value\", \"fake@email.com\");",
              "err": {},
              "uuid": "9dc5f2a5-269a-46c5-93b1-34ff9f95410a",
              "parentUUID": "3b34255e-35c1-4e84-a75f-d8661b405fb8",
              "isHook": false,
              "skipped": false
            }
          ],
          "suites": [],
          "passes": [
            "9dc5f2a5-269a-46c5-93b1-34ff9f95410a"
          ],
          "failures": [],
          "pending": [],
          "skipped": [],
          "duration": 822,
          "root": false,
          "rootEmpty": false,
          "_timeout": 2000
        },
        {
          "uuid": "7f129983-acfa-4b31-bbba-f8b2ff96da4c",
          "title": "3rd test ",
          "fullFile": "",
          "file": "",
          "beforeHooks": [],
          "afterHooks": [],
          "tests": [
            {
              "title": "double click",
              "fullTitle": "3rd test  double click",
              "timedOut": null,
              "duration": 9011,
              "state": "failed",
              "speed": null,
              "pass": false,
              "fail": true,
              "pending": false,
              "context": null,
              "code": "cy.visit(\"https://example.cypress.io\");\ncy.contains(\"type\").click();\ncy.scrollTo(0, 1000);\ncy.wait(1000);\ncy.get('.action-div').scrollIntoView().dblclick();\ncy.get('.action-div').should('not.be.visible');\ncy.get('.action-input-hidden').should('be.visible');\n//checkbox\ncy.wait(1000);\ncy.get('.action-checkboxes [value=\"checkbox1\"]').not('[disabled]').check();\ncy.get('.action-checkboxes [value=\"checkbox1\"]').should('be.checked');\ncy.wait(1000);\ncy.get('.action-checkboxes [value=\"checkbox2\"]').check('checkbox2', {\n  force: true\n}); // specific check for use value .\ncy.wait(1000);\ncy.get(\".action-multiple-checkboxes [type='checkbox']\").check(); // specific check for use value .\n// radio \ncy.get(\"#optionsRadios1\").check().should('be.checked');\ncy.get('.action-radios [type=\"radio\"]').check('radio', {\n  force: true\n});",
              "err": {
                "message": "AssertionError: Timed out retrying after 4000ms: Expected to find element: `undefined`, but never found it.",
                "estack": "AssertionError: Timed out retrying after 4000ms: Expected to find element: `undefined`, but never found it.\n    at Context.eval (webpack://eee/./cypress/e2e/test.cy.js:67:44)",
                "diff": null
              },
              "uuid": "5200cc2b-1e67-44a1-9921-3f31d8beba34",
              "parentUUID": "7f129983-acfa-4b31-bbba-f8b2ff96da4c",
              "isHook": false,
              "skipped": false
            }
          ],
          "suites": [],
          "passes": [],
          "failures": [
            "5200cc2b-1e67-44a1-9921-3f31d8beba34"
          ],
          "pending": [],
          "skipped": [],
          "duration": 9011,
          "root": false,
          "rootEmpty": false,
          "_timeout": 2000
        }
      ],
      "passes": [],
      "failures": [],
      "pending": [],
      "skipped": [],
      "duration": 0,
      "root": true,
      "rootEmpty": true,
      "_timeout": 2000
    }
  ],
  "meta": {
    "mocha": {
      "version": "7.0.1"
    },
    "mochawesome": {
      "options": {
        "quiet": false,
        "reportFilename": "mochawesome",
        "saveHtml": true,
        "saveJson": true,
        "consoleReporter": "spec",
        "useInlineDiffs": false,
        "code": true
      },
      "version": "7.1.3"
    },
    "marge": {
      "options": {
        "reportDir": "cypress/reports",
        "overwrite": false,
        "html": true,
        "json": true
      },
      "version": "6.2.0"
    }
  }
}