{
  "stats": {
    "suites": 3,
    "tests": 3,
    "passes": 1,
    "pending": 0,
    "failures": 2,
    "start": "2025-02-09T08:39:59.990Z",
    "end": "2025-02-09T08:40:16.536Z",
    "duration": 16546,
    "testsRegistered": 3,
    "passPercent": 33.33333333333333,
    "pendingPercent": 0,
    "other": 0,
    "hasOther": false,
    "skipped": 0,
    "hasSkipped": false
  },
  "results": [
    {
      "uuid": "ff1115c7-db2b-4b52-8b9f-6b1b59a429ef",
      "title": "",
      "fullFile": "cypress/e2e/test.cy.js",
      "file": "cypress/e2e/test.cy.js",
      "beforeHooks": [],
      "afterHooks": [],
      "tests": [],
      "suites": [
        {
          "uuid": "dc8c5b4b-823b-469d-8b4f-b69c3a681393",
          "title": "My 1st Test",
          "fullFile": "",
          "file": "",
          "beforeHooks": [],
          "afterHooks": [],
          "tests": [
            {
              "title": "finds the content \"type\"",
              "fullTitle": "My 1st Test finds the content \"type\"",
              "timedOut": null,
              "duration": 1647,
              "state": "passed",
              "speed": "fast",
              "pass": true,
              "fail": false,
              "pending": false,
              "context": null,
              "code": "cy.visit(\"https://example.cypress.io\");\ncy.contains(\"get\").click();\ncy.url().should(\"include\", \"/querying\");\ncy.get(\"#query-btn\").should(\"contain\", \"Button\");\ncy.get(\"#query-btn\").should(\"have.text\", \"\\n                Button\\n              \");\ncy.get(\"#query-btn\").invoke(\"text\").then(text => {\n  expect(text.trim()).to.eq(\"Button\");\n});\n//     //   cy.get(\"#query-btn\").should(\"be.visible\");",
              "err": {},
              "uuid": "982b0042-fa64-4491-bd40-f912970d1f98",
              "parentUUID": "dc8c5b4b-823b-469d-8b4f-b69c3a681393",
              "isHook": false,
              "skipped": false
            }
          ],
          "suites": [],
          "passes": [
            "982b0042-fa64-4491-bd40-f912970d1f98"
          ],
          "failures": [],
          "pending": [],
          "skipped": [],
          "duration": 1647,
          "root": false,
          "rootEmpty": false,
          "_timeout": 2000
        },
        {
          "uuid": "9abf6e92-be3d-437e-8eb4-5dbd2f9518d7",
          "title": "My 2nd Test",
          "fullFile": "",
          "file": "",
          "beforeHooks": [],
          "afterHooks": [],
          "tests": [
            {
              "title": "Gets, types and asserts",
              "fullTitle": "My 2nd Test Gets, types and asserts",
              "timedOut": null,
              "duration": 4649,
              "state": "failed",
              "speed": null,
              "pass": false,
              "fail": true,
              "pending": false,
              "context": null,
              "code": "cy.visit(\"https://example.cypress.io\");\ncy.contains(\"type\").click();\n// Should be on a new URL which\n// includes '/commands/actions'\ncy.url().should(\"include\", \"/commands/actions\");\n// Get an input, type into it\ncy.get(\".action-emai\").type(\"fake@email.com\");\n//  Verify that the value has been updated\ncy.get(\".action-email\").should(\"have.value\", \"fake@email.com\");",
              "err": {
                "message": "AssertionError: Timed out retrying after 4000ms: Expected to find element: `.action-emai`, but never found it.",
                "estack": "AssertionError: Timed out retrying after 4000ms: Expected to find element: `.action-emai`, but never found it.\n    at Context.eval (webpack://eee/./cypress/e2e/test.cy.js:32:7)",
                "diff": null
              },
              "uuid": "ba787080-5252-4061-85b7-b4e1c93db706",
              "parentUUID": "9abf6e92-be3d-437e-8eb4-5dbd2f9518d7",
              "isHook": false,
              "skipped": false
            }
          ],
          "suites": [],
          "passes": [],
          "failures": [
            "ba787080-5252-4061-85b7-b4e1c93db706"
          ],
          "pending": [],
          "skipped": [],
          "duration": 4649,
          "root": false,
          "rootEmpty": false,
          "_timeout": 2000
        },
        {
          "uuid": "e7f8876d-c01c-46b4-ba83-6aa2ebb62936",
          "title": "3rd test ",
          "fullFile": "",
          "file": "",
          "beforeHooks": [],
          "afterHooks": [],
          "tests": [
            {
              "title": "double click",
              "fullTitle": "3rd test  double click",
              "timedOut": null,
              "duration": 8960,
              "state": "failed",
              "speed": null,
              "pass": false,
              "fail": true,
              "pending": false,
              "context": null,
              "code": "cy.visit(\"https://example.cypress.io\");\ncy.contains(\"type\").click();\ncy.scrollTo(0, 1000);\ncy.wait(1000);\ncy.get('.action-div').scrollIntoView().dblclick();\ncy.get('.action-div').should('not.be.visible');\ncy.get('.action-input-hidden').should('be.visible');\n//checkbox\ncy.wait(1000);\ncy.get('.action-checkboxes [value=\"checkbox1\"]').not('[disabled]').check();\ncy.get('.action-checkboxes [value=\"checkbox1\"]').should('be.checked');\ncy.wait(1000);\ncy.get('.action-checkboxes [value=\"checkbox2\"]').check('checkbox2', {\n  force: true\n}); // specific check for use value .\ncy.wait(1000);\ncy.get(\".action-multiple-checkboxes [type='checkbox']\").check(); // specific check for use value .\n// radio \ncy.get(\"#optionsRadios1\").check().should('be.checked');\ncy.get('.action-radios [type=\"radio\"]').check('radio', {\n  force: true\n});",
              "err": {
                "message": "AssertionError: Timed out retrying after 4000ms: Expected to find element: `undefined`, but never found it.",
                "estack": "AssertionError: Timed out retrying after 4000ms: Expected to find element: `undefined`, but never found it.\n    at Context.eval (webpack://eee/./cypress/e2e/test.cy.js:67:44)",
                "diff": null
              },
              "uuid": "8f7cd4a3-af61-4116-8275-547eb7f347f5",
              "parentUUID": "e7f8876d-c01c-46b4-ba83-6aa2ebb62936",
              "isHook": false,
              "skipped": false
            }
          ],
          "suites": [],
          "passes": [],
          "failures": [
            "8f7cd4a3-af61-4116-8275-547eb7f347f5"
          ],
          "pending": [],
          "skipped": [],
          "duration": 8960,
          "root": false,
          "rootEmpty": false,
          "_timeout": 2000
        }
      ],
      "passes": [],
      "failures": [],
      "pending": [],
      "skipped": [],
      "duration": 0,
      "root": true,
      "rootEmpty": true,
      "_timeout": 2000
    }
  ],
  "meta": {
    "mocha": {
      "version": "7.0.1"
    },
    "mochawesome": {
      "options": {
        "quiet": false,
        "reportFilename": "mochawesome",
        "saveHtml": true,
        "saveJson": true,
        "consoleReporter": "spec",
        "useInlineDiffs": false,
        "code": true
      },
      "version": "7.1.3"
    },
    "marge": {
      "options": {
        "reportDir": "cypress/reports",
        "overwrite": false,
        "html": true,
        "json": true
      },
      "version": "6.2.0"
    }
  }
}